[2023-02-22 14:18:56,979] multiqc                                            [DEBUG  ]  This is MultiQC v1.14
[2023-02-22 14:18:56,979] multiqc                                            [DEBUG  ]  Command used: /mnt/lustre/RDS-live/thomas/.local/bin/multiqc ./analyses/SRR21224254/SRR21224254_1_fastqc.html ./analyses/SRR21224254/SRR21224254_1_fastqc.zip ./analyses/SRR21224254/SRR21224254_1_trim_fastqc.html ./analyses/SRR21224254/SRR21224254_1_trim_fastqc.zip ./analyses/SRR21224254/SRR21224254_2_fastqc.html ./analyses/SRR21224254/SRR21224254_2_fastqc.zip ./analyses/SRR21224254/SRR21224254_2_trim_fastqc.html ./analyses/SRR21224254/SRR21224254_2_trim_fastqc.zip ./analyses/SRR21224254/SRR21224254_trim.html ./analyses/SRR21224254/multiqc_data ./analyses/SRR21224254/multiqc_report.html -ip -f -o ./analyses/SRR21224254
[2023-02-22 14:18:57,125] multiqc                                            [DEBUG  ]  Latest MultiQC version is v1.14
[2023-02-22 14:18:57,125] multiqc                                            [DEBUG  ]  Working dir : /mnt/lustre/RDS-ephemeral/thomas/git_projects/sequencing-analysis
[2023-02-22 14:18:57,125] multiqc                                            [DEBUG  ]  Template    : default
[2023-02-22 14:18:57,126] multiqc                                            [DEBUG  ]  Running Python 3.8.10 (default, Nov 14 2022, 12:59:47)  [GCC 9.4.0]
[2023-02-22 14:18:57,126] multiqc                                            [DEBUG  ]  Analysing modules: custom_content, ccs, ngsderive, purple, conpair, lima, peddy, somalier, methylQA, mosdepth, phantompeakqualtools, qualimap, preseq, hifiasm, quast, qorts, rna_seqc, rockhopper, rsem, rseqc, busco, bustools, goleft_indexcov, gffcompare, disambiguate, supernova, deeptools, sargasso, verifybamid, mirtrace, happy, mirtop, sambamba, gopeaks, homer, hops, macs2, theta2, snpeff, gatk, htseq, bcftools, featureCounts, fgbio, dragen, dragen_fastqc, dedup, pbmarkdup, damageprofiler, biobambam2, jcvi, mtnucratio, picard, vep, sentieon, prokka, qc3C, nanostat, samblaster, samtools, sexdeterrmine, eigenstratdatabasetools, bamtools, jellyfish, vcftools, longranger, stacks, varscan2, snippy, umitools, bbmap, bismark, biscuit, diamond, hicexplorer, hicup, hicpro, salmon, kallisto, slamdunk, star, hisat2, tophat, bowtie2, bowtie1, cellranger, snpsplit, odgi, pangolin, nextclade, humid, kat, leehom, adapterRemoval, bbduk, clipandmerge, cutadapt, flexbar, kaiju, kraken, malt, motus, trimmomatic, sickle, skewer, sortmerna, biobloomtools, fastq_screen, afterqc, fastp, fastqc, filtlong, prinseqplusplus, pychopper, porechop, pycoqc, minionqc, anglerfish, multivcfanalyzer, clusterflow, checkqc, bcl2fastq, bclconvert, interop, ivar, flash, seqyclean, optitype, whatshap
[2023-02-22 14:18:57,126] multiqc                                            [DEBUG  ]  Using temporary directory for creating report: /tmp/tmpfvz71fyy
[2023-02-22 14:18:57,236] multiqc                                            [INFO   ]  Search path : /mnt/lustre/RDS-ephemeral/thomas/git_projects/sequencing-analysis/analyses/SRR21224254/SRR21224254_1_fastqc.html
[2023-02-22 14:18:57,236] multiqc                                            [INFO   ]  Search path : /mnt/lustre/RDS-ephemeral/thomas/git_projects/sequencing-analysis/analyses/SRR21224254/SRR21224254_1_fastqc.zip
[2023-02-22 14:18:57,236] multiqc                                            [INFO   ]  Search path : /mnt/lustre/RDS-ephemeral/thomas/git_projects/sequencing-analysis/analyses/SRR21224254/SRR21224254_1_trim_fastqc.html
[2023-02-22 14:18:57,236] multiqc                                            [INFO   ]  Search path : /mnt/lustre/RDS-ephemeral/thomas/git_projects/sequencing-analysis/analyses/SRR21224254/SRR21224254_1_trim_fastqc.zip
[2023-02-22 14:18:57,236] multiqc                                            [INFO   ]  Search path : /mnt/lustre/RDS-ephemeral/thomas/git_projects/sequencing-analysis/analyses/SRR21224254/SRR21224254_2_fastqc.html
[2023-02-22 14:18:57,236] multiqc                                            [INFO   ]  Search path : /mnt/lustre/RDS-ephemeral/thomas/git_projects/sequencing-analysis/analyses/SRR21224254/SRR21224254_2_fastqc.zip
[2023-02-22 14:18:57,236] multiqc                                            [INFO   ]  Search path : /mnt/lustre/RDS-ephemeral/thomas/git_projects/sequencing-analysis/analyses/SRR21224254/SRR21224254_2_trim_fastqc.html
[2023-02-22 14:18:57,236] multiqc                                            [INFO   ]  Search path : /mnt/lustre/RDS-ephemeral/thomas/git_projects/sequencing-analysis/analyses/SRR21224254/SRR21224254_2_trim_fastqc.zip
[2023-02-22 14:18:57,236] multiqc                                            [INFO   ]  Search path : /mnt/lustre/RDS-ephemeral/thomas/git_projects/sequencing-analysis/analyses/SRR21224254/SRR21224254_trim.html
[2023-02-22 14:18:57,236] multiqc                                            [INFO   ]  Search path : /mnt/lustre/RDS-ephemeral/thomas/git_projects/sequencing-analysis/analyses/SRR21224254/multiqc_data
[2023-02-22 14:18:57,236] multiqc                                            [INFO   ]  Search path : /mnt/lustre/RDS-ephemeral/thomas/git_projects/sequencing-analysis/analyses/SRR21224254/multiqc_report.html
[2023-02-22 14:18:57,667] multiqc                                            [DEBUG  ]  Summary of files that were skipped by the search: [skipped_module_specific_max_filesize: 57] // [skipped_no_match: 6] // [skipped_ignore_pattern: 1] // [skipped_directory_fn_ignore_dirs: 1]
[2023-02-22 14:18:57,904] multiqc.plots.bargraph                             [DEBUG  ]  Using matplotlib version 3.6.3
[2023-02-22 14:18:57,905] multiqc.plots.linegraph                            [DEBUG  ]  Using matplotlib version 3.6.3
[2023-02-22 14:18:57,906] multiqc                                            [DEBUG  ]  No samples found: custom_content
[2023-02-22 14:18:57,914] multiqc.modules.fastqc.fastqc                      [INFO   ]  Found 4 reports
[2023-02-22 14:18:57,979] multiqc                                            [INFO   ]  Compressing plot data
[2023-02-22 14:18:58,012] multiqc                                            [WARNING]  Deleting    : analyses/SRR21224254/multiqc_report.html   (-f was specified)
[2023-02-22 14:18:58,013] multiqc                                            [WARNING]  Deleting    : analyses/SRR21224254/multiqc_data   (-f was specified)
[2023-02-22 14:18:58,016] multiqc                                            [INFO   ]  Report      : analyses/SRR21224254/multiqc_report.html
[2023-02-22 14:18:58,016] multiqc                                            [INFO   ]  Data        : analyses/SRR21224254/multiqc_data
[2023-02-22 14:18:58,016] multiqc                                            [DEBUG  ]  Moving data file from '/tmp/tmpfvz71fyy/multiqc_data' to './analyses/SRR21224254/multiqc_data'
[2023-02-22 14:18:58,097] multiqc                                            [INFO   ]  MultiQC complete
