[2023-03-08 11:35:43,246] multiqc                                            [DEBUG  ]  This is MultiQC v1.14
[2023-03-08 11:35:43,246] multiqc                                            [DEBUG  ]  Command used: /mnt/lustre/RDS-live/thomas/.local/bin/multiqc ./analyses/ERR6319230/ERR6319230_fastqc.html ./analyses/ERR6319230/ERR6319230_fastqc.zip ./analyses/ERR6319230/ERR6319230_trim.html ./analyses/ERR6319230/ERR6319230_trim_chop_fastqc.html ./analyses/ERR6319230/ERR6319230_trim_chop_fastqc.zip ./analyses/ERR6319230/ERR6319230_trim_fastqc.html ./analyses/ERR6319230/ERR6319230_trim_fastqc.zip ./analyses/ERR6319230/multiqc_data ./analyses/ERR6319230/multiqc_report.html -ip -f -o ./analyses/ERR6319230
[2023-03-08 11:35:43,366] multiqc                                            [DEBUG  ]  Latest MultiQC version is v1.14
[2023-03-08 11:35:43,366] multiqc                                            [DEBUG  ]  Working dir : /mnt/lustre/RDS-ephemeral/thomas/git_projects/sequencing-analysis
[2023-03-08 11:35:43,366] multiqc                                            [DEBUG  ]  Template    : default
[2023-03-08 11:35:43,366] multiqc                                            [DEBUG  ]  Running Python 3.8.10 (default, Jun 22 2022, 20:18:18)  [GCC 9.4.0]
[2023-03-08 11:35:43,367] multiqc                                            [DEBUG  ]  Analysing modules: custom_content, ccs, ngsderive, purple, conpair, lima, peddy, somalier, methylQA, mosdepth, phantompeakqualtools, qualimap, preseq, hifiasm, quast, qorts, rna_seqc, rockhopper, rsem, rseqc, busco, bustools, goleft_indexcov, gffcompare, disambiguate, supernova, deeptools, sargasso, verifybamid, mirtrace, happy, mirtop, sambamba, gopeaks, homer, hops, macs2, theta2, snpeff, gatk, htseq, bcftools, featureCounts, fgbio, dragen, dragen_fastqc, dedup, pbmarkdup, damageprofiler, biobambam2, jcvi, mtnucratio, picard, vep, sentieon, prokka, qc3C, nanostat, samblaster, samtools, sexdeterrmine, eigenstratdatabasetools, bamtools, jellyfish, vcftools, longranger, stacks, varscan2, snippy, umitools, bbmap, bismark, biscuit, diamond, hicexplorer, hicup, hicpro, salmon, kallisto, slamdunk, star, hisat2, tophat, bowtie2, bowtie1, cellranger, snpsplit, odgi, pangolin, nextclade, humid, kat, leehom, adapterRemoval, bbduk, clipandmerge, cutadapt, flexbar, kaiju, kraken, malt, motus, trimmomatic, sickle, skewer, sortmerna, biobloomtools, fastq_screen, afterqc, fastp, fastqc, filtlong, prinseqplusplus, pychopper, porechop, pycoqc, minionqc, anglerfish, multivcfanalyzer, clusterflow, checkqc, bcl2fastq, bclconvert, interop, ivar, flash, seqyclean, optitype, whatshap
[2023-03-08 11:35:43,367] multiqc                                            [DEBUG  ]  Using temporary directory for creating report: /tmp/tmp1zxmyvfv
[2023-03-08 11:35:43,475] multiqc                                            [INFO   ]  Search path : /mnt/lustre/RDS-ephemeral/thomas/git_projects/sequencing-analysis/analyses/ERR6319230/ERR6319230_fastqc.html
[2023-03-08 11:35:43,475] multiqc                                            [INFO   ]  Search path : /mnt/lustre/RDS-ephemeral/thomas/git_projects/sequencing-analysis/analyses/ERR6319230/ERR6319230_fastqc.zip
[2023-03-08 11:35:43,475] multiqc                                            [INFO   ]  Search path : /mnt/lustre/RDS-ephemeral/thomas/git_projects/sequencing-analysis/analyses/ERR6319230/ERR6319230_trim.html
[2023-03-08 11:35:43,475] multiqc                                            [INFO   ]  Search path : /mnt/lustre/RDS-ephemeral/thomas/git_projects/sequencing-analysis/analyses/ERR6319230/ERR6319230_trim_chop_fastqc.html
[2023-03-08 11:35:43,475] multiqc                                            [INFO   ]  Search path : /mnt/lustre/RDS-ephemeral/thomas/git_projects/sequencing-analysis/analyses/ERR6319230/ERR6319230_trim_chop_fastqc.zip
[2023-03-08 11:35:43,475] multiqc                                            [INFO   ]  Search path : /mnt/lustre/RDS-ephemeral/thomas/git_projects/sequencing-analysis/analyses/ERR6319230/ERR6319230_trim_fastqc.html
[2023-03-08 11:35:43,475] multiqc                                            [INFO   ]  Search path : /mnt/lustre/RDS-ephemeral/thomas/git_projects/sequencing-analysis/analyses/ERR6319230/ERR6319230_trim_fastqc.zip
[2023-03-08 11:35:43,475] multiqc                                            [INFO   ]  Search path : /mnt/lustre/RDS-ephemeral/thomas/git_projects/sequencing-analysis/analyses/ERR6319230/multiqc_data
[2023-03-08 11:35:43,475] multiqc                                            [INFO   ]  Search path : /mnt/lustre/RDS-ephemeral/thomas/git_projects/sequencing-analysis/analyses/ERR6319230/multiqc_report.html
[2023-03-08 11:35:43,827] multiqc                                            [DEBUG  ]  Summary of files that were skipped by the search: [skipped_module_specific_max_filesize: 46] // [skipped_no_match: 5] // [skipped_ignore_pattern: 1] // [skipped_directory_fn_ignore_dirs: 1]
[2023-03-08 11:35:44,069] multiqc.plots.bargraph                             [DEBUG  ]  Using matplotlib version 3.6.3
[2023-03-08 11:35:44,070] multiqc.plots.linegraph                            [DEBUG  ]  Using matplotlib version 3.6.3
[2023-03-08 11:35:44,071] multiqc                                            [DEBUG  ]  No samples found: custom_content
[2023-03-08 11:35:44,078] multiqc.modules.fastqc.fastqc                      [INFO   ]  Found 3 reports
[2023-03-08 11:35:44,107] multiqc                                            [INFO   ]  Compressing plot data
[2023-03-08 11:35:44,129] multiqc                                            [WARNING]  Deleting    : analyses/ERR6319230/multiqc_report.html   (-f was specified)
[2023-03-08 11:35:44,129] multiqc                                            [WARNING]  Deleting    : analyses/ERR6319230/multiqc_data   (-f was specified)
[2023-03-08 11:35:44,132] multiqc                                            [INFO   ]  Report      : analyses/ERR6319230/multiqc_report.html
[2023-03-08 11:35:44,132] multiqc                                            [INFO   ]  Data        : analyses/ERR6319230/multiqc_data
[2023-03-08 11:35:44,132] multiqc                                            [DEBUG  ]  Moving data file from '/tmp/tmp1zxmyvfv/multiqc_data' to './analyses/ERR6319230/multiqc_data'
[2023-03-08 11:35:44,208] multiqc                                            [INFO   ]  MultiQC complete
